<?xml version="1.0" encoding="UTF-8"?>
<testsuite xmlns:xsi="http://www.w3.org/2001/XMLSchema-instance" xsi:noNamespaceSchemaLocation="https://maven.apache.org/surefire/maven-surefire-plugin/xsd/surefire-test-report.xsd" name="com.cunoc.AppTest" time="0.103" tests="1" errors="0" skipped="0" failures="0">
  <properties>
    <property name="java.specification.version" value="19"/>
    <property name="sun.jnu.encoding" value="UTF-8"/>
    <property name="java.class.path" value="/home/drymnz/dowgit/TypeSecure-Compi-2023/target/test-classes:/home/drymnz/dowgit/TypeSecure-Compi-2023/target/classes:/home/drymnz/.m2/repository/junit/junit/4.11/junit-4.11.jar:/home/drymnz/.m2/repository/org/hamcrest/hamcrest-core/1.3/hamcrest-core-1.3.jar:/home/drymnz/.m2/repository/com/github/vbmacher/java-cup/11b/java-cup-11b.jar:"/>
    <property name="java.vm.vendor" value="Oracle Corporation"/>
    <property name="sun.arch.data.model" value="64"/>
    <property name="java.vendor.url" value="https://openjdk.java.net/"/>
    <property name="os.name" value="Linux"/>
    <property name="java.vm.specification.version" value="19"/>
    <property name="user.country" value="MX"/>
    <property name="sun.java.launcher" value="SUN_STANDARD"/>
    <property name="sun.boot.library.path" value="/usr/lib/jvm/java-19-openjdk/lib"/>
    <property name="sun.java.command" value="/home/drymnz/dowgit/TypeSecure-Compi-2023/target/surefire/surefirebooter9016868329480539524.jar /home/drymnz/dowgit/TypeSecure-Compi-2023/target/surefire 2023-04-23T07-10-32_463-jvmRun1 surefire14621352204052986841tmp surefire_04553605916706370426tmp"/>
    <property name="jdk.debug" value="release"/>
    <property name="surefire.test.class.path" value="/home/drymnz/dowgit/TypeSecure-Compi-2023/target/test-classes:/home/drymnz/dowgit/TypeSecure-Compi-2023/target/classes:/home/drymnz/.m2/repository/junit/junit/4.11/junit-4.11.jar:/home/drymnz/.m2/repository/org/hamcrest/hamcrest-core/1.3/hamcrest-core-1.3.jar:/home/drymnz/.m2/repository/com/github/vbmacher/java-cup/11b/java-cup-11b.jar:"/>
    <property name="sun.cpu.endian" value="little"/>
    <property name="user.home" value="/home/drymnz"/>
    <property name="user.language" value="es"/>
    <property name="java.specification.vendor" value="Oracle Corporation"/>
    <property name="java.version.date" value="2023-01-17"/>
    <property name="java.home" value="/usr/lib/jvm/java-19-openjdk"/>
    <property name="file.separator" value="/"/>
    <property name="basedir" value="/home/drymnz/dowgit/TypeSecure-Compi-2023"/>
    <property name="java.vm.compressedOopsMode" value="32-bit"/>
    <property name="line.separator" value="&#10;"/>
    <property name="java.specification.name" value="Java Platform API Specification"/>
    <property name="java.vm.specification.vendor" value="Oracle Corporation"/>
    <property name="surefire.real.class.path" value="/home/drymnz/dowgit/TypeSecure-Compi-2023/target/surefire/surefirebooter9016868329480539524.jar"/>
    <property name="sun.management.compiler" value="HotSpot 64-Bit Tiered Compilers"/>
    <property name="java.runtime.version" value="19.0.2+7"/>
    <property name="user.name" value="drymnz"/>
    <property name="stdout.encoding" value="UTF-8"/>
    <property name="path.separator" value=":"/>
    <property name="os.version" value="6.2.8-x64v1-xanmod1"/>
    <property name="java.runtime.name" value="OpenJDK Runtime Environment"/>
    <property name="file.encoding" value="UTF-8"/>
    <property name="java.vm.name" value="OpenJDK 64-Bit Server VM"/>
    <property name="maven.ext.class.path" value="/usr/lib/netbeans/java/maven-nblib/netbeans-eventspy.jar"/>
    <property name="localRepository" value="/home/drymnz/.m2/repository"/>
    <property name="java.vendor.url.bug" value="https://bugreport.java.com/bugreport/"/>
    <property name="java.io.tmpdir" value="/tmp"/>
    <property name="java.version" value="19.0.2"/>
    <property name="user.dir" value="/home/drymnz/dowgit/TypeSecure-Compi-2023"/>
    <property name="os.arch" value="amd64"/>
    <property name="java.vm.specification.name" value="Java Virtual Machine Specification"/>
    <property name="native.encoding" value="UTF-8"/>
    <property name="java.library.path" value="/usr/java/packages/lib:/usr/lib64:/lib64:/lib:/usr/lib"/>
    <property name="java.vm.info" value="mixed mode"/>
    <property name="stderr.encoding" value="UTF-8"/>
    <property name="java.vendor" value="N/A"/>
    <property name="java.vm.version" value="19.0.2+7"/>
    <property name="sun.io.unicode.encoding" value="UnicodeLittle"/>
    <property name="java.class.version" value="63.0"/>
  </properties>
  <testcase name="shouldAnswerWithTrue" classname="com.cunoc.AppTest" time="0.011"/>
</testsuite>